<?xml version="1.0" encoding="UTF-8"?>
<testsuite name="hexlet.code.TestApp" tests="5" skipped="0" failures="0" errors="0" timestamp="2025-11-05T10:24:06.458Z" hostname="USER" time="4.303">
  <properties/>
  <testcase name="testAllUrls()" classname="hexlet.code.TestApp" time="2.578"/>
  <testcase name="testCheck()" classname="hexlet.code.TestApp" time="0.561"/>
  <testcase name="testUrlPage()" classname="hexlet.code.TestApp" time="0.305"/>
  <testcase name="testMainPage()" classname="hexlet.code.TestApp" time="0.265"/>
  <testcase name="testCreateUrl()" classname="hexlet.code.TestApp" time="0.591"/>
  <system-out><![CDATA[]]></system-out>
  <system-err><![CDATA[[Test worker] INFO com.zaxxer.hikari.HikariDataSource - HikariPool-1 - Starting...
[Test worker] INFO com.zaxxer.hikari.pool.HikariPool - HikariPool-1 - Added connection conn0: url=jdbc:h2:mem:project user=
[Test worker] INFO com.zaxxer.hikari.HikariDataSource - HikariPool-1 - Start completed.
[Test worker] INFO hexlet.code.App - -- Удаляем таблицы, если они существуют
DROP TABLE IF EXISTS url_checks;
DROP TABLE IF EXISTS urls;

-- Создаем таблицу urls
CREATE TABLE urls (
                      id SERIAL PRIMARY KEY, -- Используем SERIAL вместо AUTO_INCREMENT
                      name VARCHAR(255) NOT NULL,
                      created_at TIMESTAMP DEFAULT CURRENT_TIMESTAMP -- Значение по умолчанию для created_at
);

-- Создаем таблицу url_checks
CREATE TABLE url_checks (
                            id SERIAL PRIMARY KEY, -- Используем SERIAL вместо AUTO_INCREMENT
                            url_id INT NOT NULL, -- Ссылка на таблицу urls
                            status_code INT,
                            h1 VARCHAR(100),
                            title VARCHAR(100),
                            description VARCHAR(255),
                            created_at TIMESTAMP DEFAULT CURRENT_TIMESTAMP, -- Значение по умолчанию для created_at
                            FOREIGN KEY (url_id) REFERENCES urls(id) ON DELETE CASCADE -- Внешний ключ с каскадным удалением
);
[Test worker] INFO io.javalin.Javalin - JAVALIN HANDLER REGISTRATION DEBUG LOG: BEFORE[*]
[Test worker] INFO io.javalin.Javalin - JAVALIN HANDLER REGISTRATION DEBUG LOG: GET[/]
[Test worker] INFO io.javalin.Javalin - JAVALIN HANDLER REGISTRATION DEBUG LOG: GET[/urls]
[Test worker] INFO io.javalin.Javalin - JAVALIN HANDLER REGISTRATION DEBUG LOG: GET[/urls/build]
[Test worker] INFO io.javalin.Javalin - JAVALIN HANDLER REGISTRATION DEBUG LOG: GET[/urls/{id}]
[Test worker] INFO io.javalin.Javalin - JAVALIN HANDLER REGISTRATION DEBUG LOG: POST[/urls]
[Test worker] INFO io.javalin.Javalin - JAVALIN HANDLER REGISTRATION DEBUG LOG: POST[/urls/{id}/checks]
[Test worker] INFO com.zaxxer.hikari.HikariDataSource - HikariPool-2 - Starting...
[Test worker] INFO com.zaxxer.hikari.pool.HikariPool - HikariPool-2 - Added connection conn10: url=jdbc:h2:mem:project user=
[Test worker] INFO com.zaxxer.hikari.HikariDataSource - HikariPool-2 - Start completed.
[Test worker] INFO hexlet.code.App - -- Удаляем таблицы, если они существуют
DROP TABLE IF EXISTS url_checks;
DROP TABLE IF EXISTS urls;

-- Создаем таблицу urls
CREATE TABLE urls (
                      id SERIAL PRIMARY KEY, -- Используем SERIAL вместо AUTO_INCREMENT
                      name VARCHAR(255) NOT NULL,
                      created_at TIMESTAMP DEFAULT CURRENT_TIMESTAMP -- Значение по умолчанию для created_at
);

-- Создаем таблицу url_checks
CREATE TABLE url_checks (
                            id SERIAL PRIMARY KEY, -- Используем SERIAL вместо AUTO_INCREMENT
                            url_id INT NOT NULL, -- Ссылка на таблицу urls
                            status_code INT,
                            h1 VARCHAR(100),
                            title VARCHAR(100),
                            description VARCHAR(255),
                            created_at TIMESTAMP DEFAULT CURRENT_TIMESTAMP, -- Значение по умолчанию для created_at
                            FOREIGN KEY (url_id) REFERENCES urls(id) ON DELETE CASCADE -- Внешний ключ с каскадным удалением
);
[Test worker] INFO io.javalin.Javalin - JAVALIN HANDLER REGISTRATION DEBUG LOG: BEFORE[*]
[Test worker] INFO io.javalin.Javalin - JAVALIN HANDLER REGISTRATION DEBUG LOG: GET[/]
[Test worker] INFO io.javalin.Javalin - JAVALIN HANDLER REGISTRATION DEBUG LOG: GET[/urls]
[Test worker] INFO io.javalin.Javalin - JAVALIN HANDLER REGISTRATION DEBUG LOG: GET[/urls/build]
[Test worker] INFO io.javalin.Javalin - JAVALIN HANDLER REGISTRATION DEBUG LOG: GET[/urls/{id}]
[Test worker] INFO io.javalin.Javalin - JAVALIN HANDLER REGISTRATION DEBUG LOG: POST[/urls]
[Test worker] INFO io.javalin.Javalin - JAVALIN HANDLER REGISTRATION DEBUG LOG: POST[/urls/{id}/checks]
[Test worker] INFO com.zaxxer.hikari.HikariDataSource - HikariPool-3 - Starting...
[Test worker] INFO com.zaxxer.hikari.pool.HikariPool - HikariPool-3 - Added connection conn20: url=jdbc:h2:mem:project user=
[Test worker] INFO com.zaxxer.hikari.HikariDataSource - HikariPool-3 - Start completed.
[Test worker] INFO hexlet.code.App - -- Удаляем таблицы, если они существуют
DROP TABLE IF EXISTS url_checks;
DROP TABLE IF EXISTS urls;

-- Создаем таблицу urls
CREATE TABLE urls (
                      id SERIAL PRIMARY KEY, -- Используем SERIAL вместо AUTO_INCREMENT
                      name VARCHAR(255) NOT NULL,
                      created_at TIMESTAMP DEFAULT CURRENT_TIMESTAMP -- Значение по умолчанию для created_at
);

-- Создаем таблицу url_checks
CREATE TABLE url_checks (
                            id SERIAL PRIMARY KEY, -- Используем SERIAL вместо AUTO_INCREMENT
                            url_id INT NOT NULL, -- Ссылка на таблицу urls
                            status_code INT,
                            h1 VARCHAR(100),
                            title VARCHAR(100),
                            description VARCHAR(255),
                            created_at TIMESTAMP DEFAULT CURRENT_TIMESTAMP, -- Значение по умолчанию для created_at
                            FOREIGN KEY (url_id) REFERENCES urls(id) ON DELETE CASCADE -- Внешний ключ с каскадным удалением
);
[Test worker] INFO io.javalin.Javalin - JAVALIN HANDLER REGISTRATION DEBUG LOG: BEFORE[*]
[Test worker] INFO io.javalin.Javalin - JAVALIN HANDLER REGISTRATION DEBUG LOG: GET[/]
[Test worker] INFO io.javalin.Javalin - JAVALIN HANDLER REGISTRATION DEBUG LOG: GET[/urls]
[Test worker] INFO io.javalin.Javalin - JAVALIN HANDLER REGISTRATION DEBUG LOG: GET[/urls/build]
[Test worker] INFO io.javalin.Javalin - JAVALIN HANDLER REGISTRATION DEBUG LOG: GET[/urls/{id}]
[Test worker] INFO io.javalin.Javalin - JAVALIN HANDLER REGISTRATION DEBUG LOG: POST[/urls]
[Test worker] INFO io.javalin.Javalin - JAVALIN HANDLER REGISTRATION DEBUG LOG: POST[/urls/{id}/checks]
[Test worker] INFO com.zaxxer.hikari.HikariDataSource - HikariPool-4 - Starting...
[Test worker] INFO com.zaxxer.hikari.pool.HikariPool - HikariPool-4 - Added connection conn28: url=jdbc:h2:mem:project user=
[Test worker] INFO com.zaxxer.hikari.HikariDataSource - HikariPool-4 - Start completed.
[Test worker] INFO hexlet.code.App - -- Удаляем таблицы, если они существуют
DROP TABLE IF EXISTS url_checks;
DROP TABLE IF EXISTS urls;

-- Создаем таблицу urls
CREATE TABLE urls (
                      id SERIAL PRIMARY KEY, -- Используем SERIAL вместо AUTO_INCREMENT
                      name VARCHAR(255) NOT NULL,
                      created_at TIMESTAMP DEFAULT CURRENT_TIMESTAMP -- Значение по умолчанию для created_at
);

-- Создаем таблицу url_checks
CREATE TABLE url_checks (
                            id SERIAL PRIMARY KEY, -- Используем SERIAL вместо AUTO_INCREMENT
                            url_id INT NOT NULL, -- Ссылка на таблицу urls
                            status_code INT,
                            h1 VARCHAR(100),
                            title VARCHAR(100),
                            description VARCHAR(255),
                            created_at TIMESTAMP DEFAULT CURRENT_TIMESTAMP, -- Значение по умолчанию для created_at
                            FOREIGN KEY (url_id) REFERENCES urls(id) ON DELETE CASCADE -- Внешний ключ с каскадным удалением
);
[Test worker] INFO io.javalin.Javalin - JAVALIN HANDLER REGISTRATION DEBUG LOG: BEFORE[*]
[Test worker] INFO io.javalin.Javalin - JAVALIN HANDLER REGISTRATION DEBUG LOG: GET[/]
[Test worker] INFO io.javalin.Javalin - JAVALIN HANDLER REGISTRATION DEBUG LOG: GET[/urls]
[Test worker] INFO io.javalin.Javalin - JAVALIN HANDLER REGISTRATION DEBUG LOG: GET[/urls/build]
[Test worker] INFO io.javalin.Javalin - JAVALIN HANDLER REGISTRATION DEBUG LOG: GET[/urls/{id}]
[Test worker] INFO io.javalin.Javalin - JAVALIN HANDLER REGISTRATION DEBUG LOG: POST[/urls]
[Test worker] INFO io.javalin.Javalin - JAVALIN HANDLER REGISTRATION DEBUG LOG: POST[/urls/{id}/checks]
[Test worker] INFO com.zaxxer.hikari.HikariDataSource - HikariPool-5 - Starting...
[Test worker] INFO com.zaxxer.hikari.pool.HikariPool - HikariPool-5 - Added connection conn37: url=jdbc:h2:mem:project user=
[Test worker] INFO com.zaxxer.hikari.HikariDataSource - HikariPool-5 - Start completed.
[Test worker] INFO hexlet.code.App - -- Удаляем таблицы, если они существуют
DROP TABLE IF EXISTS url_checks;
DROP TABLE IF EXISTS urls;

-- Создаем таблицу urls
CREATE TABLE urls (
                      id SERIAL PRIMARY KEY, -- Используем SERIAL вместо AUTO_INCREMENT
                      name VARCHAR(255) NOT NULL,
                      created_at TIMESTAMP DEFAULT CURRENT_TIMESTAMP -- Значение по умолчанию для created_at
);

-- Создаем таблицу url_checks
CREATE TABLE url_checks (
                            id SERIAL PRIMARY KEY, -- Используем SERIAL вместо AUTO_INCREMENT
                            url_id INT NOT NULL, -- Ссылка на таблицу urls
                            status_code INT,
                            h1 VARCHAR(100),
                            title VARCHAR(100),
                            description VARCHAR(255),
                            created_at TIMESTAMP DEFAULT CURRENT_TIMESTAMP, -- Значение по умолчанию для created_at
                            FOREIGN KEY (url_id) REFERENCES urls(id) ON DELETE CASCADE -- Внешний ключ с каскадным удалением
);
[Test worker] INFO io.javalin.Javalin - JAVALIN HANDLER REGISTRATION DEBUG LOG: BEFORE[*]
[Test worker] INFO io.javalin.Javalin - JAVALIN HANDLER REGISTRATION DEBUG LOG: GET[/]
[Test worker] INFO io.javalin.Javalin - JAVALIN HANDLER REGISTRATION DEBUG LOG: GET[/urls]
[Test worker] INFO io.javalin.Javalin - JAVALIN HANDLER REGISTRATION DEBUG LOG: GET[/urls/build]
[Test worker] INFO io.javalin.Javalin - JAVALIN HANDLER REGISTRATION DEBUG LOG: GET[/urls/{id}]
[Test worker] INFO io.javalin.Javalin - JAVALIN HANDLER REGISTRATION DEBUG LOG: POST[/urls]
[Test worker] INFO io.javalin.Javalin - JAVALIN HANDLER REGISTRATION DEBUG LOG: POST[/urls/{id}/checks]
]]></system-err>
</testsuite>
